d:\学习\dev-c++\编译\软件工程\myapp\algorithm\myapp\debug\vc141.pdb
d:\学习\dev-c++\编译\软件工程\myapp\algorithm\myapp\debug\vc141.idb
d:\学习\dev-c++\编译\软件工程\myapp\algorithm\myapp\debug\number.obj
d:\学习\dev-c++\编译\软件工程\myapp\algorithm\myapp\debug\myapp.obj
d:\学习\dev-c++\编译\软件工程\myapp\algorithm\myapp\debug\make.obj
d:\学习\dev-c++\编译\软件工程\myapp\algorithm\myapp\debug\expression.obj
d:\学习\dev-c++\编译\软件工程\myapp\algorithm\debug\myapp.exe
d:\学习\dev-c++\编译\软件工程\myapp\algorithm\debug\myapp.ilk
d:\学习\dev-c++\编译\软件工程\myapp\algorithm\debug\myapp.pdb
d:\学习\dev-c++\编译\软件工程\myapp\algorithm\myapp\debug\nativecodeanalysis.read.1.tlog
d:\学习\dev-c++\编译\软件工程\myapp\algorithm\myapp\debug\expression.nativecodeanalysis.xml
d:\学习\dev-c++\编译\软件工程\myapp\algorithm\myapp\debug\make.nativecodeanalysis.xml
d:\学习\dev-c++\编译\软件工程\myapp\algorithm\myapp\debug\myapp.nativecodeanalysis.xml
d:\学习\dev-c++\编译\软件工程\myapp\algorithm\myapp\debug\number.nativecodeanalysis.xml
d:\学习\dev-c++\编译\软件工程\myapp\algorithm\myapp\debug\vc.nativecodeanalysis.all.xml
d:\学习\dev-c++\编译\软件工程\myapp\algorithm\myapp\debug\myapp.tlog\cl.command.1.tlog
d:\学习\dev-c++\编译\软件工程\myapp\algorithm\myapp\debug\myapp.tlog\cl.read.1.tlog
d:\学习\dev-c++\编译\软件工程\myapp\algorithm\myapp\debug\myapp.tlog\cl.write.1.tlog
d:\学习\dev-c++\编译\软件工程\myapp\algorithm\myapp\debug\myapp.tlog\link.command.1.tlog
d:\学习\dev-c++\编译\软件工程\myapp\algorithm\myapp\debug\myapp.tlog\link.read.1.tlog
d:\学习\dev-c++\编译\软件工程\myapp\algorithm\myapp\debug\myapp.tlog\link.write.1.tlog
